0 info it worked if it ends with ok
1 verbose cli [ '/usr/bin/node',
1 verbose cli   '/usr/bin/npm',
1 verbose cli   'install',
1 verbose cli   'hexo-generator-baidu-sitemap',
1 verbose cli   '--save' ]
2 info using npm@1.4.28
3 info using node@v0.10.37
4 verbose node symlink /usr/bin/node
5 warn package.json hexo-asset-image@0.0.3 No repository field.
6 verbose readDependencies using package.json deps
7 verbose cache add [ 'hexo-generator-baidu-sitemap', null ]
8 verbose cache add name=undefined spec="hexo-generator-baidu-sitemap" args=["hexo-generator-baidu-sitemap",null]
9 verbose parsed url { protocol: null,
9 verbose parsed url   slashes: null,
9 verbose parsed url   auth: null,
9 verbose parsed url   host: null,
9 verbose parsed url   port: null,
9 verbose parsed url   hostname: null,
9 verbose parsed url   hash: null,
9 verbose parsed url   search: null,
9 verbose parsed url   query: null,
9 verbose parsed url   pathname: 'hexo-generator-baidu-sitemap',
9 verbose parsed url   path: 'hexo-generator-baidu-sitemap',
9 verbose parsed url   href: 'hexo-generator-baidu-sitemap' }
10 silly lockFile e8beadd3-hexo-generator-baidu-sitemap hexo-generator-baidu-sitemap
11 verbose lock hexo-generator-baidu-sitemap /home/keetsky/.npm/e8beadd3-hexo-generator-baidu-sitemap.lock
12 silly lockFile e8beadd3-hexo-generator-baidu-sitemap hexo-generator-baidu-sitemap
13 silly lockFile e8beadd3-hexo-generator-baidu-sitemap hexo-generator-baidu-sitemap
14 verbose addNamed [ 'hexo-generator-baidu-sitemap', '' ]
15 verbose addNamed [ null, '*' ]
16 silly lockFile 348a0707-hexo-generator-baidu-sitemap hexo-generator-baidu-sitemap@
17 verbose lock hexo-generator-baidu-sitemap@ /home/keetsky/.npm/348a0707-hexo-generator-baidu-sitemap.lock
18 silly addNameRange { name: 'hexo-generator-baidu-sitemap',
18 silly addNameRange   range: '*',
18 silly addNameRange   hasData: false }
19 verbose request where is /hexo-generator-baidu-sitemap
20 verbose request registry https://registry.npmjs.org/
21 verbose request id 17ba6ff059805adb
22 verbose url raw /hexo-generator-baidu-sitemap
23 verbose url resolving [ 'https://registry.npmjs.org/',
23 verbose url resolving   './hexo-generator-baidu-sitemap' ]
24 verbose url resolved https://registry.npmjs.org/hexo-generator-baidu-sitemap
25 verbose request where is https://registry.npmjs.org/hexo-generator-baidu-sitemap
26 info trying registry request attempt 1 at 21:27:31
27 http GET https://registry.npmjs.org/hexo-generator-baidu-sitemap
28 info retry will retry, error on last attempt: Error: tunneling socket could not be established, cause=connect ECONNREFUSED
29 info trying registry request attempt 2 at 21:27:41
30 http GET https://registry.npmjs.org/hexo-generator-baidu-sitemap
31 info retry will retry, error on last attempt: Error: tunneling socket could not be established, cause=connect ECONNREFUSED
32 info trying registry request attempt 3 at 21:28:41
33 http GET https://registry.npmjs.org/hexo-generator-baidu-sitemap
34 silly lockFile 348a0707-hexo-generator-baidu-sitemap hexo-generator-baidu-sitemap@
35 silly lockFile 348a0707-hexo-generator-baidu-sitemap hexo-generator-baidu-sitemap@
36 error network tunneling socket could not be established, cause=connect ECONNREFUSED
36 error network This is most likely not a problem with npm itself
36 error network and is related to network connectivity.
36 error network In most cases you are behind a proxy or have bad network settings.
36 error network
36 error network If you are behind a proxy, please make sure that the
36 error network 'proxy' config is set properly.  See: 'npm help config'
37 error System Linux 4.4.0-79-generic
38 error command "/usr/bin/node" "/usr/bin/npm" "install" "hexo-generator-baidu-sitemap" "--save"
39 error cwd /home/keetsky/keetsky.github.io
40 error node -v v0.10.37
41 error npm -v 1.4.28
42 error code ECONNRESET
43 verbose exit [ 1, true ]
